[0922/152931:ERROR:process_reader_win.cc(142)] SuspendThread: Acesso negado. (0x5)
[0922/152931:ERROR:process_reader_win.cc(142)] SuspendThread: Acesso negado. (0x5)
[0922/152931:ERROR:process_reader_win.cc(142)] SuspendThread: Acesso negado. (0x5)
[0922/152931:ERROR:process_reader_win.cc(142)] SuspendThread: Acesso negado. (0x5)
[0922/152931:ERROR:process_reader_win.cc(142)] SuspendThread: Acesso negado. (0x5)
[0922/152931:ERROR:process_reader_win.cc(142)] SuspendThread: Acesso negado. (0x5)
[0922/152931:ERROR:process_reader_win.cc(142)] SuspendThread: Acesso negado. (0x5)
[0922/152931:ERROR:process_reader_win.cc(142)] SuspendThread: Acesso negado. (0x5)
[0922/152931:ERROR:process_reader_win.cc(142)] SuspendThread: Acesso negado. (0x5)
[0922/152931:ERROR:process_reader_win.cc(142)] SuspendThread: Acesso negado. (0x5)
[0922/152931:ERROR:process_reader_win.cc(142)] SuspendThread: Acesso negado. (0x5)
[0922/152931:ERROR:process_reader_win.cc(142)] SuspendThread: Acesso negado. (0x5)
[0922/152931:ERROR:process_reader_win.cc(142)] SuspendThread: Acesso negado. (0x5)
[0922/152931:ERROR:process_reader_win.cc(142)] SuspendThread: Acesso negado. (0x5)
[0922/152931:ERROR:exception_snapshot_win.cc(87)] thread ID 5536 not found in process
[0922/152931:WARNING:crash_report_exception_handler.cc(56)] ProcessSnapshotWin::Initialize failed
[0922/152931:ERROR:process_reader_win.cc(173)] ResumeThread: Parâmetro incorreto. (0x57)
[0922/152931:ERROR:process_reader_win.cc(142)] SuspendThread: Acesso negado. (0x5)
[0922/152931:ERROR:process_reader_win.cc(142)] SuspendThread: Acesso negado. (0x5)
[0922/152931:ERROR:process_reader_win.cc(142)] SuspendThread: Acesso negado. (0x5)
[0922/152931:ERROR:process_reader_win.cc(142)] SuspendThread: Acesso negado. (0x5)
[0922/152931:ERROR:process_reader_win.cc(142)] SuspendThread: Acesso negado. (0x5)
[0922/152931:ERROR:process_reader_win.cc(142)] SuspendThread: Acesso negado. (0x5)
[0922/152931:ERROR:process_reader_win.cc(142)] SuspendThread: Acesso negado. (0x5)
[0922/152931:ERROR:process_reader_win.cc(114)] NtOpenThread: Foi especificado um identificador de cliente inválido.  (0xc000000b)
[0922/152931:ERROR:process_reader_win.cc(114)] NtOpenThread: Foi especificado um identificador de cliente inválido.  (0xc000000b)
[0922/152931:ERROR:process_reader_win.cc(114)] NtOpenThread: Foi especificado um identificador de cliente inválido.  (0xc000000b)
[0922/152931:ERROR:process_reader_win.cc(114)] NtOpenThread: Foi especificado um identificador de cliente inválido.  (0xc000000b)
[0922/152931:ERROR:process_reader_win.cc(114)] NtOpenThread: Foi especificado um identificador de cliente inválido.  (0xc000000b)
[0922/152931:ERROR:process_reader_win.cc(114)] NtOpenThread: Foi especificado um identificador de cliente inválido.  (0xc000000b)
[0922/152931:ERROR:exception_snapshot_win.cc(87)] thread ID 22320 not found in process
[0922/152931:WARNING:crash_report_exception_handler.cc(56)] ProcessSnapshotWin::Initialize failed
[0922/152931:ERROR:scoped_process_suspend.cc(38)] NtResumeProcess: Tentou-se acessar um processo de saída.  (0xc000010a)
